<?xml version="1.0" encoding="UTF-8"?>
<!-- Generated by org.testng.reporters.JUnitXMLReporter -->
<testsuite ignored="0" hostname="LAPTOP-1QR0MITN" failures="1" tests="7" name="OpenCartTest" time="48.616" errors="0" timestamp="2023-05-28T07:12:59 IST">
  <testcase classname="testCases.TC_001_AccountRegistrationTest" name="test_Account_Registration" time="1.876"/>
  <testcase classname="testCases.TC_002_LoginTest" name="test_login" time="0.916"/>
  <testcase classname="testCases.TC_003_LoginDDT" name="test_loginDDT" time="1.2">
    <failure type="java.lang.AssertionError" message="expected [true] but found [false]">
      <![CDATA[java.lang.AssertionError: expected [true] but found [false]
at testCases.TC_003_LoginDDT.test_loginDDT(TC_003_LoginDDT.java:42)
at java.base/java.util.ArrayList.forEach(ArrayList.java:1511)
... Removed 31 stack frames]]>
    </failure>
  </testcase> <!-- test_loginDDT -->
  <testcase classname="testCases.TC_003_LoginDDT" name="test_loginDDT" time="10.739"/>
  <testcase classname="testCases.TC_003_LoginDDT" name="test_loginDDT" time="10.859"/>
  <testcase classname="testCases.TC_003_LoginDDT" name="test_loginDDT" time="10.844"/>
  <testcase classname="testCases.TC_003_LoginDDT" name="test_loginDDT" time="1.304"/>
</testsuite> <!-- OpenCartTest -->
